2025-04-06 23:24:25,138 [INFO] Ładowanie konfiguracji systemu...
2025-04-06 23:24:25,139 [INFO] Inicjalizacja komponentów systemu...
2025-04-06 23:24:26,225 [ERROR] Błąd podczas inicjalizacji komponentów: cannot import name 'AnomalyDetectionModel' from 'ai_models.anomaly_detection' (/home/runner/workspace/ai_models/anomaly_detection.py)
2025-04-06 23:24:26,225 [ERROR] Nie udało się zainicjalizować komponentów. Kończenie pracy.
2025-04-06 23:24:26,225 [INFO] Środowisko zostało skonfigurowane
2025-04-06 23:24:26,226 [INFO] Uruchamianie systemu tradingowego...
2025-04-06 23:24:26,226 [INFO] Inicjalizacja detektora anomalii z metodą: isolation_forest
2025-04-06 23:24:26,226 [INFO] Wywołano informacje o detektorze anomalii (metoda: isolation_forest)
2025-04-06 23:24:26,226 [INFO] System tradingowy uruchomiony pomyślnie
2025-04-07 10:04:33,099 [INFO] Ładowanie konfiguracji systemu...
2025-04-07 10:04:33,100 [INFO] Inicjalizacja komponentów systemu...
2025-04-07 10:04:46,923 [ERROR] Błąd podczas inicjalizacji komponentów: cannot import name 'AnomalyDetectionModel' from 'ai_models.anomaly_detection' (/home/runner/workspace/ai_models/anomaly_detection.py)
2025-04-07 10:04:46,923 [ERROR] Nie udało się zainicjalizować komponentów. Kończenie pracy.
2025-04-07 10:04:46,923 [INFO] Środowisko zostało skonfigurowane
2025-04-07 10:04:46,924 [INFO] Uruchamianie systemu tradingowego...
2025-04-07 10:04:46,924 [INFO] Inicjalizacja detektora anomalii z metodą: isolation_forest
2025-04-07 10:04:46,924 [INFO] Wywołano informacje o detektorze anomalii (metoda: isolation_forest)
2025-04-07 10:04:46,924 [INFO] System tradingowy uruchomiony pomyślnie
2025-04-07 10:05:39,383 [INFO] Ładowanie konfiguracji systemu...
2025-04-07 10:05:39,383 [INFO] Inicjalizacja komponentów systemu...
2025-04-07 10:05:40,745 [ERROR] Błąd podczas inicjalizacji komponentów: cannot import name 'AnomalyDetectionModel' from 'ai_models.anomaly_detection' (/home/runner/workspace/ai_models/anomaly_detection.py)
2025-04-07 10:05:40,745 [ERROR] Nie udało się zainicjalizować komponentów. Kończenie pracy.
2025-04-07 10:05:40,746 [INFO] Środowisko zostało skonfigurowane
2025-04-07 10:05:40,746 [INFO] Uruchamianie systemu tradingowego...
2025-04-07 10:05:40,746 [INFO] Inicjalizacja detektora anomalii z metodą: isolation_forest
2025-04-07 10:05:40,746 [INFO] Wywołano informacje o detektorze anomalii (metoda: isolation_forest)
2025-04-07 10:05:40,746 [INFO] System tradingowy uruchomiony pomyślnie
